500
0 5228 5567 296 7647 9285 7576 3665 5889 1615 9871 2606 4508 6010 7880 9888
1 5567 5228 296 9285 7647 7576 3665 5889 1615 9871 2606 4508 6010 7880 9888
2 5567 5228 296 9285 7647 7576 3665 5889 1615 9871 2606 4508 6010 7880 9888
3 5567 5228 296 9285 7647 7576 3665 5889 1615 9871 2606 4508 7880 6010 9888
4 5228 5567 296 9285 7647 7576 3665 5889 1615 9871 2606 4508 7880 6010 9888
5 5567 5228 296 9285 7647 7576 3665 5889 1615 9871 2606 4508 7880 6010 9888
6 5567 5228 296 7647 9285 7576 3665 5889 1615 9871 2606 4508 7880 6010 9888
7 5567 5228 296 9285 7647 7576 3665 5889 1615 9871 2606 4508 6010 7880 9888
8 5567 5228 296 9285 7647 7576 3665 5889 1615 9871 2606 4508 7880 6010 9888
9 5567 5228 296 7647 9285 7576 3665 5889 1615 9871 2606 4508 6010 7880 9888
10 5228 5567 296 9285 7647 7576 3665 5889 1615 9871 2606 4508 7880 6010 9888
11 5228 5567 296 9285 7647 7576 3665 5889 1615 9871 2606 4508 6010 7880 9888
12 5567 5228 296 9285 7647 7576 3665 5889 1615 9871 2606 4508 7880 6010 9888
13 5228 5567 296 7647 9285 7576 3665 5889 1615 9871 2606 4508 6010 7880 9888
14 5567 5228 296 9285 7647 7576 3665 5889 1615 9871 2606 4508 7880 6010 9888
15 5228 5567 296 9285 7647 7576 3665 5889 1615 9871 2606 4508 6010 7880 9888
16 5567 5228 296 9285 7647 7576 3665 5889 1615 9871 2606 4508 7880 6010 9888
17 5567 5228 296 7647 9285 7576 3665 5889 1615 9871 2606 4508 6010 7880 9888
18 5228 5567 296 7647 9285 7576 3665 5889 1615 9871 2606 4508 6010 7880 9888
19 5228 5567 296 7647 9285 7576 3665 5889 1615 9871 2606 4508 6010 7880 9888
20 5567 5228 296 9285 7647 7576 3665 5889 1615 9871 2606 4508 7880 6010 9888
21 5228 5567 296 9285 7647 7576 3665 5889 1615 9871 2606 4508 7880 6010 9888
22 5567 5228 296 9285 7647 7576 3665 5889 1615 9871 2606 4508 7880 6010 9888
23 5567 5228 296 9285 7647 7576 3665 5889 1615 9871 2606 4508 7880 6010 9888
24 5228 5567 296 9285 7647 7576 3665 5889 1615 9871 2606 4508 6010 7880 9888
25 5567 5228 296 9285 7647 7576 3665 5889 1615 9871 2606 4508 7880 6010 9888
26 5228 5567 296 9285 7647 7576 3665 5889 1615 9871 2606 4508 6010 7880 9888
27 5567 5228 296 9285 7647 7576 3665 5889 1615 9871 2606 4508 7880 6010 9888
28 5228 5567 296 7647 9285 7576 3665 5889 1615 9871 2606 4508 7880 6010 9888
29 5567 5228 296 9285 7647 7576 3665 5889 1615 9871 2606 4508 7880 6010 9888
30 5567 5228 296 9285 7647 7576 3665 5889 1615 9871 2606 4508 7880 6010 9888
31 5228 5567 296 9285 7647 7576 3665 5889 1615 9871 2606 4508 6010 7880 9888
32 5228 5567 296 9285 7647 7576 3665 5889 1615 9871 2606 4508 7880 6010 9888
33 5567 5228 296 9285 7647 7576 3665 5889 1615 9871 2606 4508 6010 7880 9888
34 5567 5228 296 9285 7647 7576 3665 5889 1615 9871 2606 4508 7880 6010 9888
35 5228 5567 296 7647 9285 7576 3665 5889 1615 9871 2606 4508 7880 6010 9888
36 5228 5567 296 9285 7647 7576 3665 5889 1615 9871 2606 4508 7880 6010 9888
37 5228 5567 296 9285 7647 7576 3665 5889 1615 9871 2606 4508 7880 6010 9888
38 5567 5228 296 7647 9285 7576 3665 5889 1615 9871 2606 4508 7880 6010 9888
39 5567 5228 296 9285 7647 7576 3665 5889 1615 9871 2606 4508 7880 6010 9888
40 5567 5228 296 7647 9285 7576 3665 5889 1615 9871 2606 4508 7880 6010 9888
41 5567 5228 296 9285 7647 7576 3665 5889 1615 9871 2606 4508 6010 7880 9888
42 5567 5228 296 9285 7647 7576 3665 5889 1615 9871 2606 4508 7880 6010 9888
43 5567 5228 296 7647 9285 7576 3665 5889 1615 9871 2606 4508 6010 7880 9888
44 5567 5228 296 9285 7647 7576 3665 5889 1615 9871 2606 4508 7880 6010 9888
45 5567 5228 296 9285 7647 7576 3665 5889 1615 9871 2606 4508 7880 6010 9888
46 5567 5228 296 9285 7647 7576 3665 5889 1615 9871 2606 4508 7880 6010 9888
47 5228 5567 296 9285 7647 7576 3665 5889 1615 9871 2606 4508 7880 6010 9888
48 5567 5228 296 9285 7647 7576 3665 5889 1615 9871 2606 4508 7880 6010 9888
49 5567 5228 296 7647 9285 7576 3665 5889 1615 9871 2606 4508 7880 6010 9888
50 5567 5228 296 9285 7647 7576 3665 5889 1615 9871 2606 4508 7880 6010 9888
51 5567 5228 296 9285 7647 7576 3665 5889 1615 9871 2606 4508 6010 7880 9888
52 5567 5228 296 9285 7647 7576 3665 5889 1615 9871 2606 4508 7880 6010 9888
53 5228 5567 296 9285 7647 7576 3665 5889 1615 9871 2606 4508 7880 6010 9888
54 5228 5567 296 9285 7647 7576 3665 5889 1615 9871 2606 4508 6010 7880 9888
55 5567 5228 296 9285 7647 7576 3665 5889 1615 9871 2606 4508 7880 6010 9888
56 5228 5567 296 9285 7647 7576 3665 5889 1615 9871 2606 4508 9888 7880 6010
57 5228 5567 296 9285 7647 7576 3665 5889 1615 9871 2606 4508 6010 7880 9888
58 5228 5567 296 9285 7647 7576 3665 5889 1615 9871 2606 4508 7880 6010 9888
59 5567 5228 296 9285 7647 7576 3665 5889 1615 9871 2606 4508 7880 6010 9888
60 5228 5567 296 9285 7647 7576 3665 5889 1615 9871 2606 4508 7880 6010 9888
61 5567 5228 296 9285 7647 7576 3665 5889 1615 9871 2606 4508 7880 6010 9888
62 5567 5228 296 9285 7647 7576 3665 5889 1615 9871 2606 4508 7880 6010 9888
63 5228 5567 296 9285 7647 7576 3665 5889 1615 9871 2606 4508 6010 7880 9888
64 5228 5567 296 9285 7647 7576 3665 5889 1615 9871 2606 4508 6010 7880 9888
65 5228 5567 296 7647 9285 7576 3665 5889 1615 9871 2606 4508 6010 7880 9888
66 5567 5228 296 9285 7647 7576 3665 5889 1615 9871 2606 4508 6010 7880 9888
67 5228 5567 296 7647 9285 7576 3665 5889 1615 9871 2606 4508 6010 7880 9888
68 5228 5567 296 9285 7647 7576 3665 5889 1615 9871 2606 4508 6010 7880 9888
69 5228 5567 296 9285 7647 7576 3665 5889 1615 9871 2606 4508 7880 6010 9888
70 5228 5567 296 9285 7647 7576 3665 5889 1615 9871 2606 4508 6010 7880 9888
71 5567 5228 296 9285 7647 7576 3665 5889 1615 9871 2606 4508 6010 7880 9888
72 5228 5567 296 7647 9285 7576 3665 5889 1615 9871 2606 4508 6010 7880 9888
73 5228 5567 296 7647 9285 7576 3665 5889 1615 9871 2606 4508 7880 6010 9888
74 5228 5567 296 9285 7647 7576 3665 5889 1615 9871 2606 4508 6010 7880 9888
75 5228 5567 296 9285 7647 7576 3665 5889 1615 9871 2606 4508 6010 7880 9888
76 5228 5567 296 9285 7647 7576 3665 5889 1615 9871 2606 4508 6010 7880 9888
77 5228 5567 296 9285 7647 7576 3665 5889 1615 9871 2606 4508 6010 7880 9888
78 5228 5567 296 9285 7647 7576 3665 5889 1615 9871 2606 4508 7880 6010 9888
79 5228 5567 296 9285 7647 7576 3665 5889 1615 9871 2606 4508 6010 7880 9888
80 5228 5567 296 9285 7647 7576 3665 5889 1615 9871 2606 4508 7880 6010 9888
81 5228 5567 296 7647 9285 7576 3665 5889 1615 9871 2606 4508 7880 6010 9888
82 5228 5567 296 9285 7647 7576 3665 5889 1615 9871 2606 4508 9888 7880 6010
83 5567 5228 296 9285 7647 7576 3665 5889 1615 9871 2606 4508 7880 6010 9888
84 5228 5567 296 9285 7647 7576 3665 5889 1615 9871 2606 4508 7880 6010 9888
85 5228 5567 296 9285 7647 7576 3665 5889 1615 9871 2606 4508 6010 7880 9888
86 5228 5567 296 9285 7647 7576 3665 5889 1615 9871 2606 4508 6010 7880 9888
87 5228 5567 296 9285 7647 7576 3665 5889 1615 9871 2606 4508 6010 7880 9888
88 5567 5228 296 9285 7647 7576 3665 5889 1615 9871 2606 4508 6010 7880 9888
89 5228 5567 296 7647 9285 7576 3665 5889 1615 9871 2606 4508 7880 6010 9888
90 5567 5228 296 9285 7647 7576 3665 5889 1615 9871 2606 4508 6010 7880 9888
91 5228 5567 296 9285 7647 7576 3665 5889 1615 9871 2606 4508 7880 6010 9888
92 5567 5228 296 9285 7647 7576 3665 5889 1615 9871 2606 4508 6010 7880 9888
93 5228 5567 296 9285 7647 7576 3665 5889 1615 9871 2606 4508 6010 7880 9888
94 5228 5567 296 9285 7647 7576 3665 5889 1615 9871 2606 4508 6010 7880 9888
95 5228 5567 296 9285 7647 7576 3665 5889 1615 9871 2606 4508 6010 7880 9888
96 5228 5567 296 9285 7647 7576 3665 5889 1615 9871 2606 4508 7880 6010 9888
97 5228 5567 296 9285 7647 7576 3665 5889 1615 9871 2606 4508 6010 7880 9888
98 5567 5228 296 9285 7647 7576 3665 5889 1615 9871 2606 4508 6010 7880 9888
99 5228 5567 296 9285 7647 7576 3665 5889 1615 9871 2606 4508 7880 6010 9888
100 5567 5228 296 7647 9285 7576 3665 5889 1615 9871 2606 4508 6010 7880 9888
101 5567 5228 296 9285 7647 7576 3665 5889 1615 9871 2606 4508 7880 6010 9888
102 5228 5567 296 9285 7647 7576 3665 5889 1615 9871 2606 4508 6010 7880 9888
103 5228 5567 296 7647 9285 7576 3665 5889 1615 9871 2606 4508 7880 6010 9888
104 5228 5567 296 7647 9285 7576 3665 5889 1615 9871 2606 4508 6010 7880 9888
105 5228 5567 296 9285 7647 7576 3665 5889 1615 9871 2606 4508 7880 6010 9888
106 5567 5228 296 7647 9285 7576 3665 5889 1615 9871 2606 4508 6010 7880 9888
107 5228 5567 296 9285 7647 7576 3665 5889 1615 9871 2606 4508 7880 6010 9888
108 5567 5228 296 9285 7647 7576 3665 5889 1615 9871 2606 4508 7880 6010 9888
109 5228 5567 296 9285 7647 7576 3665 5889 1615 9871 2606 4508 7880 6010 9888
110 5228 5567 296 9285 7647 7576 3665 5889 1615 9871 2606 4508 7880 6010 9888
111 5228 5567 296 9285 7647 7576 3665 5889 1615 9871 2606 4508 7880 6010 9888
112 5228 5567 296 9285 7647 7576 3665 5889 1615 9871 2606 4508 7880 6010 9888
113 5228 5567 296 9285 7647 7576 3665 5889 1615 9871 2606 4508 7880 6010 9888
114 5567 5228 296 9285 7647 7576 3665 5889 1615 9871 2606 4508 7880 6010 9888
115 5228 5567 296 9285 7647 7576 3665 5889 1615 9871 2606 4508 6010 7880 9888
116 5567 5228 296 9285 7647 7576 3665 5889 1615 9871 2606 4508 6010 7880 9888
117 5567 5228 296 9285 7647 7576 3665 5889 1615 9871 2606 4508 6010 7880 9888
118 5228 5567 296 9285 7647 7576 3665 5889 1615 9871 2606 4508 7880 6010 9888
119 5228 5567 296 9285 7647 7576 3665 5889 1615 9871 2606 4508 6010 7880 9888
120 5567 5228 296 9285 7647 7576 3665 5889 1615 9871 2606 4508 7880 6010 9888
121 5228 5567 296 7647 9285 7576 3665 5889 1615 9871 2606 4508 6010 7880 9888
122 5228 5567 296 9285 7647 7576 3665 5889 1615 9871 2606 4508 7880 6010 9888
123 5567 5228 296 9285 7647 7576 3665 5889 1615 9871 2606 4508 7880 6010 9888
124 5567 5228 296 9285 7647 7576 3665 5889 1615 9871 2606 4508 7880 6010 9888
125 5228 5567 296 9285 7647 7576 3665 5889 1615 9871 2606 4508 7880 6010 9888
126 5228 5567 296 9285 7647 7576 3665 5889 1615 9871 2606 4508 6010 7880 9888
127 5228 5567 296 9285 7647 7576 3665 5889 1615 9871 2606 4508 7880 6010 9888
128 5567 5228 296 7647 9285 7576 3665 5889 1615 9871 2606 4508 7880 6010 9888
129 5228 5567 296 7647 9285 7576 3665 5889 1615 9871 2606 4508 6010 7880 9888
130 5567 5228 296 9285 7647 7576 3665 5889 1615 9871 2606 4508 7880 6010 9888
131 5228 5567 296 9285 7647 7576 3665 5889 1615 9871 2606 4508 7880 6010 9888
132 5567 5228 296 7647 9285 7576 3665 5889 1615 9871 2606 4508 6010 7880 9888
133 5228 5567 296 9285 7647 7576 3665 5889 1615 9871 2606 4508 6010 7880 9888
134 5567 5228 296 9285 7647 7576 3665 5889 1615 9871 2606 4508 7880 6010 9888
135 5228 5567 296 9285 7647 7576 3665 5889 1615 9871 2606 4508 7880 6010 9888
136 5567 5228 296 7647 9285 7576 3665 5889 1615 9871 2606 4508 7880 6010 9888
137 5228 5567 296 7647 9285 7576 3665 5889 1615 9871 2606 4508 7880 6010 9888
138 5567 5228 296 9285 7647 7576 3665 5889 1615 9871 2606 4508 7880 6010 9888
139 5567 5228 296 9285 7647 7576 3665 5889 1615 9871 2606 4508 7880 6010 9888
140 5567 5228 296 9285 7647 7576 3665 5889 1615 9871 2606 4508 6010 7880 9888
141 5228 5567 296 7647 9285 7576 3665 5889 1615 9871 2606 4508 6010 7880 9888
142 5228 5567 296 9285 7647 7576 3665 5889 1615 9871 2606 4508 6010 7880 9888
143 5228 5567 296 9285 7647 7576 3665 5889 1615 9871 2606 4508 7880 6010 9888
144 5567 5228 296 9285 7647 7576 3665 5889 1615 9871 2606 4508 6010 7880 9888
145 5567 5228 296 9285 7647 7576 3665 5889 1615 9871 2606 4508 7880 6010 9888
146 5228 5567 296 9285 7647 7576 3665 5889 1615 9871 2606 4508 6010 7880 9888
147 5567 5228 296 9285 7647 7576 3665 5889 1615 9871 2606 4508 7880 6010 9888
148 5228 5567 296 9285 7647 7576 3665 5889 1615 9871 2606 4508 6010 7880 9888
149 5228 5567 296 7647 9285 7576 3665 5889 1615 9871 2606 4508 7880 6010 9888
150 5228 5567 296 9285 7647 7576 3665 5889 1615 9871 2606 4508 7880 6010 9888
151 5228 5567 296 7647 9285 7576 3665 5889 1615 9871 2606 4508 7880 6010 9888
152 5567 5228 296 7647 9285 7576 3665 5889 1615 9871 2606 4508 6010 7880 9888
153 5567 5228 296 9285 7647 7576 3665 5889 1615 9871 2606 4508 6010 7880 9888
154 5228 5567 296 7647 9285 7576 3665 5889 1615 9871 2606 4508 6010 7880 9888
155 5567 5228 296 9285 7647 7576 3665 5889 1615 9871 2606 4508 7880 6010 9888
156 5228 5567 296 9285 7647 7576 3665 5889 1615 9871 2606 4508 6010 7880 9888
157 5228 5567 296 7647 9285 7576 3665 5889 1615 9871 2606 4508 7880 6010 9888
158 5567 5228 296 9285 7647 7576 3665 5889 1615 9871 2606 4508 7880 6010 9888
159 5228 5567 296 9285 7647 7576 3665 5889 1615 9871 2606 4508 7880 6010 9888
160 5228 5567 296 9285 7647 7576 3665 5889 1615 9871 2606 4508 7880 6010 9888
161 5567 5228 296 9285 7647 7576 3665 5889 1615 9871 2606 4508 7880 6010 9888
162 5567 5228 296 9285 7647 7576 3665 5889 1615 9871 2606 4508 7880 6010 9888
163 5567 5228 296 9285 7647 7576 3665 5889 1615 9871 2606 4508 7880 6010 9888
164 5228 5567 296 9285 7647 7576 3665 5889 1615 9871 2606 4508 7880 6010 9888
165 5228 5567 296 9285 7647 7576 3665 5889 1615 9871 2606 4508 6010 7880 9888
166 5228 5567 296 9285 7647 7576 3665 5889 1615 9871 2606 4508 7880 6010 9888
167 5228 5567 296 9285 7647 7576 3665 5889 1615 9871 2606 4508 7880 6010 9888
168 5567 5228 296 9285 7647 7576 3665 5889 1615 9871 2606 4508 7880 6010 9888
169 5567 5228 296 9285 7647 7576 3665 5889 1615 9871 2606 4508 7880 6010 9888
170 5228 5567 296 9285 7647 7576 3665 5889 1615 9871 2606 4508 7880 6010 9888
171 5567 5228 296 9285 7647 7576 3665 5889 1615 9871 2606 4508 7880 6010 9888
172 5228 5567 296 9285 7647 7576 3665 5889 1615 9871 2606 4508 6010 7880 9888
173 5567 5228 296 9285 7647 7576 3665 5889 1615 9871 2606 4508 7880 6010 9888
174 5228 5567 296 9285 7647 7576 3665 5889 1615 9871 2606 4508 7880 6010 9888
175 5228 5567 296 9285 7647 7576 3665 5889 1615 9871 2606 4508 7880 6010 9888
176 5228 5567 296 9285 7647 7576 3665 5889 1615 9871 2606 4508 7880 6010 9888
177 5228 5567 296 9285 7647 7576 3665 5889 1615 9871 2606 4508 9888 7880 6010
178 5228 5567 296 9285 7647 7576 3665 5889 1615 9871 2606 4508 6010 7880 9888
179 5228 5567 296 9285 7647 7576 3665 5889 1615 9871 2606 4508 7880 6010 9888
180 5228 5567 296 9285 7647 7576 3665 5889 1615 9871 2606 4508 7880 6010 9888
181 5567 5228 296 9285 7647 7576 3665 5889 1615 9871 2606 4508 6010 7880 9888
182 5567 5228 296 9285 7647 7576 3665 5889 1615 9871 2606 4508 7880 6010 9888
183 5228 5567 296 9285 7647 7576 3665 5889 1615 9871 2606 4508 7880 6010 9888
184 5567 5228 296 7647 9285 7576 3665 5889 1615 9871 2606 4508 6010 7880 9888
185 5228 5567 296 7647 9285 7576 3665 5889 1615 9871 2606 4508 7880 6010 9888
186 5567 5228 296 9285 7647 7576 3665 5889 1615 9871 2606 4508 7880 6010 9888
187 5228 5567 296 9285 7647 7576 3665 5889 1615 9871 2606 4508 7880 6010 9888
188 5567 5228 296 7647 9285 7576 3665 5889 1615 9871 2606 4508 7880 6010 9888
189 5228 5567 296 9285 7647 7576 3665 5889 1615 9871 2606 4508 7880 6010 9888
190 5567 5228 296 9285 7647 7576 3665 5889 1615 9871 2606 4508 7880 6010 9888
191 5228 5567 296 7647 9285 7576 3665 5889 1615 9871 2606 4508 9888 6010 7880
192 5228 5567 296 7647 9285 7576 3665 5889 1615 9871 2606 4508 9888 7880 6010
193 5228 5567 296 9285 7647 7576 3665 5889 1615 9871 2606 4508 6010 7880 9888
194 5228 5567 296 7647 9285 7576 3665 5889 1615 9871 2606 4508 7880 6010 9888
195 5228 5567 296 7647 9285 7576 3665 5889 1615 9871 2606 4508 6010 7880 9888
196 5567 5228 296 9285 7647 7576 3665 5889 1615 9871 2606 4508 6010 7880 9888
197 5567 5228 296 9285 7647 7576 3665 5889 1615 9871 2606 4508 6010 7880 9888
198 5567 5228 296 9285 7647 7576 3665 5889 1615 9871 2606 4508 7880 6010 9888
199 5567 5228 296 7647 9285 7576 3665 5889 1615 9871 2606 4508 7880 6010 9888
200 5567 5228 296 9285 7647 7576 3665 5889 1615 9871 2606 4508 7880 6010 9888
201 5228 5567 296 9285 7647 7576 3665 5889 1615 9871 2606 4508 6010 7880 9888
202 5567 5228 296 9285 7647 7576 3665 5889 1615 9871 2606 4508 6010 7880 9888
203 5228 5567 296 9285 7647 7576 3665 5889 1615 9871 2606 4508 6010 7880 9888
204 5567 5228 296 7647 9285 7576 3665 5889 1615 9871 2606 4508 7880 6010 9888
205 5228 5567 296 9285 7647 7576 3665 5889 1615 9871 2606 4508 7880 6010 9888
206 5567 5228 296 9285 7647 7576 3665 5889 1615 9871 2606 4508 6010 7880 9888
207 5228 5567 296 9285 7647 7576 3665 5889 1615 9871 2606 4508 7880 6010 9888
208 5228 5567 296 9285 7647 7576 3665 5889 1615 9871 2606 4508 7880 6010 9888
209 5228 5567 296 9285 7647 7576 3665 5889 1615 9871 2606 4508 6010 7880 9888
210 5567 5228 296 9285 7647 7576 3665 5889 1615 9871 2606 4508 7880 6010 9888
211 5228 5567 296 9285 7647 7576 3665 5889 1615 9871 2606 4508 6010 7880 9888
212 5228 5567 296 9285 7647 7576 3665 5889 1615 9871 2606 4508 6010 7880 9888
213 5567 5228 296 9285 7647 7576 3665 5889 1615 9871 2606 4508 7880 6010 9888
214 5567 5228 296 9285 7647 7576 3665 5889 1615 9871 2606 4508 6010 7880 9888
215 5567 5228 296 9285 7647 7576 3665 5889 1615 9871 2606 4508 6010 7880 9888
216 5567 5228 296 9285 7647 7576 3665 5889 1615 9871 2606 4508 7880 6010 9888
217 5228 5567 296 9285 7647 7576 3665 5889 1615 9871 2606 4508 7880 6010 9888
218 5567 5228 296 9285 7647 7576 3665 5889 1615 9871 2606 4508 7880 6010 9888
219 5228 5567 296 9285 7647 7576 3665 5889 1615 9871 2606 4508 7880 6010 9888
220 5567 5228 296 9285 7647 7576 3665 5889 1615 9871 2606 4508 7880 6010 9888
221 5228 5567 296 9285 7647 7576 3665 5889 1615 9871 2606 4508 6010 7880 9888
222 5567 5228 296 9285 7647 7576 3665 5889 1615 9871 2606 4508 7880 6010 9888
223 5567 5228 296 9285 7647 7576 3665 5889 1615 9871 2606 4508 6010 7880 9888
224 5228 5567 296 9285 7647 7576 3665 5889 1615 9871 2606 4508 7880 6010 9888
225 5228 5567 296 7647 9285 7576 3665 5889 1615 9871 2606 4508 7880 6010 9888
226 5567 5228 296 9285 7647 7576 3665 5889 1615 9871 2606 4508 7880 6010 9888
227 5228 5567 296 9285 7647 7576 3665 5889 1615 9871 2606 4508 6010 7880 9888
228 5228 5567 296 9285 7647 7576 3665 5889 1615 9871 2606 4508 7880 6010 9888
229 5567 5228 296 7647 9285 7576 3665 5889 1615 9871 2606 4508 6010 7880 9888
230 5567 5228 296 9285 7647 7576 3665 5889 1615 9871 2606 4508 6010 7880 9888
231 5567 5228 296 9285 7647 7576 3665 5889 1615 9871 2606 4508 6010 7880 9888
232 5567 5228 296 9285 7647 7576 3665 5889 1615 9871 2606 4508 7880 6010 9888
233 5228 5567 296 9285 7647 7576 3665 5889 1615 9871 2606 4508 6010 7880 9888
234 5567 5228 296 9285 7647 7576 3665 5889 1615 9871 2606 4508 6010 7880 9888
235 5567 5228 296 7647 9285 7576 3665 5889 1615 9871 2606 4508 6010 7880 9888
236 5567 5228 296 9285 7647 7576 3665 5889 1615 9871 2606 4508 7880 6010 9888
237 5567 5228 296 9285 7647 7576 3665 5889 1615 9871 2606 4508 7880 6010 9888
238 5228 5567 296 7647 9285 7576 3665 5889 1615 9871 2606 4508 7880 6010 9888
239 5228 5567 296 9285 7647 7576 3665 5889 1615 9871 2606 4508 7880 6010 9888
240 5567 5228 296 9285 7647 7576 3665 5889 1615 9871 2606 4508 7880 6010 9888
241 5567 5228 296 7647 9285 7576 3665 5889 1615 9871 2606 4508 6010 7880 9888
242 5567 5228 296 7647 9285 7576 3665 5889 1615 9871 2606 4508 7880 6010 9888
243 5567 5228 296 9285 7647 7576 3665 5889 1615 9871 2606 4508 7880 6010 9888
244 5567 5228 296 9285 7647 7576 3665 5889 1615 9871 2606 4508 7880 6010 9888
245 5567 5228 296 9285 7647 7576 3665 5889 1615 9871 2606 4508 7880 6010 9888
246 5567 5228 296 9285 7647 7576 3665 5889 1615 9871 2606 4508 7880 6010 9888
247 5567 5228 296 9285 7647 7576 3665 5889 1615 9871 2606 4508 7880 6010 9888
248 5228 5567 296 9285 7647 7576 3665 5889 1615 9871 2606 4508 7880 6010 9888
249 5228 5567 296 9285 7647 7576 3665 5889 1615 9871 2606 4508 7880 6010 9888
250 5567 5228 296 9285 7647 7576 3665 5889 1615 9871 2606 4508 7880 6010 9888
251 5567 5228 296 9285 7647 7576 3665 5889 1615 9871 2606 4508 6010 7880 9888
252 5228 5567 296 7647 9285 7576 3665 5889 1615 9871 2606 4508 6010 7880 9888
253 5567 5228 296 9285 7647 7576 3665 5889 1615 9871 2606 4508 7880 6010 9888
254 5567 5228 296 9285 7647 7576 3665 5889 1615 9871 2606 4508 7880 6010 9888
255 5228 5567 296 9285 7647 7576 3665 5889 1615 9871 2606 4508 7880 6010 9888
256 5567 5228 296 9285 7647 7576 3665 5889 1615 9871 2606 4508 6010 7880 9888
257 5228 5567 296 7647 9285 7576 3665 5889 1615 9871 2606 4508 7880 6010 9888
258 5228 5567 296 9285 7647 7576 3665 5889 1615 9871 2606 4508 7880 6010 9888
259 5567 5228 296 9285 7647 7576 3665 5889 1615 9871 2606 4508 7880 6010 9888
260 5228 5567 296 9285 7647 7576 3665 5889 1615 9871 2606 4508 6010 7880 9888
261 5228 5567 296 9285 7647 7576 3665 5889 1615 9871 2606 4508 7880 6010 9888
262 5228 5567 296 9285 7647 7576 3665 5889 1615 9871 2606 4508 6010 7880 9888
263 5228 5567 296 9285 7647 7576 3665 5889 1615 9871 2606 4508 7880 6010 9888
264 5228 5567 296 9285 7647 7576 3665 5889 1615 9871 2606 4508 7880 6010 9888
265 5567 5228 296 7647 9285 7576 3665 5889 1615 9871 2606 4508 7880 6010 9888
266 5567 5228 296 9285 7647 7576 3665 5889 1615 9871 2606 4508 7880 6010 9888
267 5567 5228 296 9285 7647 7576 3665 5889 1615 9871 2606 4508 6010 7880 9888
268 5228 5567 296 9285 7647 7576 3665 5889 1615 9871 2606 4508 7880 6010 9888
269 5228 5567 296 9285 7647 7576 3665 5889 1615 9871 2606 4508 6010 7880 9888
270 5567 5228 296 9285 7647 7576 3665 5889 1615 9871 2606 4508 7880 6010 9888
271 5567 5228 296 7647 9285 7576 3665 5889 1615 9871 2606 4508 6010 7880 9888
272 5228 5567 296 9285 7647 7576 3665 5889 1615 9871 2606 4508 9888 6010 7880
273 5228 5567 296 9285 7647 7576 3665 5889 1615 9871 2606 4508 7880 6010 9888
274 5567 5228 296 7647 9285 7576 3665 5889 1615 9871 2606 4508 7880 6010 9888
275 5228 5567 296 9285 7647 7576 3665 5889 1615 9871 2606 4508 6010 7880 9888
276 5567 5228 296 9285 7647 7576 3665 5889 1615 9871 2606 4508 7880 6010 9888
277 5567 5228 296 7647 9285 7576 3665 5889 1615 9871 2606 4508 6010 7880 9888
278 5228 5567 296 9285 7647 7576 3665 5889 1615 9871 2606 4508 6010 7880 9888
279 5567 5228 296 9285 7647 7576 3665 5889 1615 9871 2606 4508 7880 6010 9888
280 5567 5228 296 7647 9285 7576 3665 5889 1615 9871 2606 4508 9888 6010 7880
281 5228 5567 296 9285 7647 7576 3665 5889 1615 9871 2606 4508 7880 6010 9888
282 5228 5567 296 9285 7647 7576 3665 5889 1615 9871 2606 4508 6010 7880 9888
283 5567 5228 296 9285 7647 7576 3665 5889 1615 9871 2606 4508 7880 6010 9888
284 5228 5567 296 9285 7647 7576 3665 5889 1615 9871 2606 4508 7880 6010 9888
285 5228 5567 296 9285 7647 7576 3665 5889 1615 9871 2606 4508 7880 6010 9888
286 5567 5228 296 9285 7647 7576 3665 5889 1615 9871 2606 4508 7880 6010 9888
287 5567 5228 296 9285 7647 7576 3665 5889 1615 9871 2606 4508 7880 6010 9888
288 5228 5567 296 9285 7647 7576 3665 5889 1615 9871 2606 4508 6010 7880 9888
289 5228 5567 296 9285 7647 7576 3665 5889 1615 9871 2606 4508 6010 7880 9888
290 5228 5567 296 9285 7647 7576 3665 5889 1615 9871 2606 4508 7880 6010 9888
291 5228 5567 296 9285 7647 7576 3665 5889 1615 9871 2606 4508 7880 6010 9888
292 5567 5228 296 7647 9285 7576 3665 5889 1615 9871 2606 4508 6010 7880 9888
293 5567 5228 296 9285 7647 7576 3665 5889 1615 9871 2606 4508 6010 7880 9888
294 5228 5567 296 9285 7647 7576 3665 5889 1615 9871 2606 4508 6010 7880 9888
295 5228 5567 296 9285 7647 7576 3665 5889 1615 9871 2606 4508 6010 7880 9888
296 5228 5567 296 9285 7647 7576 3665 5889 1615 9871 2606 4508 7880 6010 9888
297 5567 5228 296 9285 7647 7576 3665 5889 1615 9871 2606 4508 7880 6010 9888
298 5228 5567 296 9285 7647 7576 3665 5889 1615 9871 2606 4508 7880 6010 9888
299 5567 5228 296 9285 7647 7576 3665 5889 1615 9871 2606 4508 7880 6010 9888
300 5228 5567 296 9285 7647 7576 3665 5889 1615 9871 2606 4508 6010 7880 9888
301 5228 5567 296 7647 9285 7576 3665 5889 1615 9871 2606 4508 6010 7880 9888
302 5567 5228 296 9285 7647 7576 3665 5889 1615 9871 2606 4508 7880 6010 9888
303 5567 5228 296 7647 9285 7576 3665 5889 1615 9871 2606 4508 6010 7880 9888
304 5567 5228 296 9285 7647 7576 3665 5889 1615 9871 2606 4508 7880 6010 9888
305 5228 5567 296 7647 9285 7576 3665 5889 1615 9871 2606 4508 7880 6010 9888
306 5228 5567 296 7647 9285 7576 3665 5889 1615 9871 2606 4508 7880 6010 9888
307 5228 5567 296 9285 7647 7576 3665 5889 1615 9871 2606 4508 6010 7880 9888
308 5567 5228 296 9285 7647 7576 3665 5889 1615 9871 2606 4508 7880 6010 9888
309 5228 5567 296 9285 7647 7576 3665 5889 1615 9871 2606 4508 7880 6010 9888
310 5567 5228 296 9285 7647 7576 3665 5889 1615 9871 2606 4508 6010 7880 9888
311 5567 5228 296 9285 7647 7576 3665 5889 1615 9871 2606 4508 6010 7880 9888
312 5228 5567 296 9285 7647 7576 3665 5889 1615 9871 2606 4508 6010 7880 9888
313 5567 5228 296 9285 7647 7576 3665 5889 1615 9871 2606 4508 6010 7880 9888
314 5567 5228 296 7647 9285 7576 3665 5889 1615 9871 2606 4508 7880 6010 9888
315 5567 5228 296 7647 9285 7576 3665 5889 1615 9871 2606 4508 7880 6010 9888
316 5228 5567 296 9285 7647 7576 3665 5889 1615 9871 2606 4508 7880 6010 9888
317 5228 5567 296 9285 7647 7576 3665 5889 1615 9871 2606 4508 7880 6010 9888
318 5567 5228 296 9285 7647 7576 3665 5889 1615 9871 2606 4508 6010 7880 9888
319 5567 5228 296 9285 7647 7576 3665 5889 1615 9871 2606 4508 7880 6010 9888
320 5228 5567 296 9285 7647 7576 3665 5889 1615 9871 2606 4508 7880 6010 9888
321 5567 5228 296 9285 7647 7576 3665 5889 1615 9871 2606 4508 6010 7880 9888
322 5567 5228 296 7647 9285 7576 3665 5889 1615 9871 2606 4508 6010 7880 9888
323 5228 5567 296 7647 9285 7576 3665 5889 1615 9871 2606 4508 6010 7880 9888
324 5567 5228 296 9285 7647 7576 3665 5889 1615 9871 2606 4508 7880 6010 9888
325 5228 5567 296 9285 7647 7576 3665 5889 1615 9871 2606 4508 7880 6010 9888
326 5228 5567 296 9285 7647 7576 3665 5889 1615 9871 2606 4508 7880 6010 9888
327 5228 5567 296 9285 7647 7576 3665 5889 1615 9871 2606 4508 6010 7880 9888
328 5567 5228 296 9285 7647 7576 3665 5889 1615 9871 2606 4508 6010 7880 9888
329 5228 5567 296 9285 7647 7576 3665 5889 1615 9871 2606 4508 7880 6010 9888
330 5567 5228 296 9285 7647 7576 3665 5889 1615 9871 2606 4508 6010 7880 9888
331 5567 5228 296 9285 7647 7576 3665 5889 1615 9871 2606 4508 6010 7880 9888
332 5567 5228 296 9285 7647 7576 3665 5889 1615 9871 2606 4508 7880 6010 9888
333 5567 5228 296 7647 9285 7576 3665 5889 1615 9871 2606 4508 6010 7880 9888
334 5567 5228 296 9285 7647 7576 3665 5889 1615 9871 2606 4508 7880 6010 9888
335 5567 5228 296 9285 7647 7576 3665 5889 1615 9871 2606 4508 7880 6010 9888
336 5228 5567 296 9285 7647 7576 3665 5889 1615 9871 2606 4508 7880 6010 9888
337 5228 5567 296 9285 7647 7576 3665 5889 1615 9871 2606 4508 6010 7880 9888
338 5567 5228 296 7647 9285 7576 3665 5889 1615 9871 2606 4508 7880 6010 9888
339 5228 5567 296 9285 7647 7576 3665 5889 1615 9871 2606 4508 7880 6010 9888
340 5567 5228 296 9285 7647 7576 3665 5889 1615 9871 2606 4508 6010 7880 9888
341 5228 5567 296 9285 7647 7576 3665 5889 1615 9871 2606 4508 7880 6010 9888
342 5567 5228 296 9285 7647 7576 3665 5889 1615 9871 2606 4508 7880 6010 9888
343 5567 5228 296 7647 9285 7576 3665 5889 1615 9871 2606 4508 7880 6010 9888
344 5228 5567 296 9285 7647 7576 3665 5889 1615 9871 2606 4508 7880 6010 9888
345 5228 5567 296 9285 7647 7576 3665 5889 1615 9871 2606 4508 6010 7880 9888
346 5228 5567 296 9285 7647 7576 3665 5889 1615 9871 2606 4508 7880 6010 9888
347 5228 5567 296 9285 7647 7576 3665 5889 1615 9871 2606 4508 6010 7880 9888
348 5228 5567 296 9285 7647 7576 3665 5889 1615 9871 2606 4508 6010 7880 9888
349 5228 5567 296 9285 7647 7576 3665 5889 1615 9871 2606 4508 7880 6010 9888
350 5228 5567 296 9285 7647 7576 3665 5889 1615 9871 2606 4508 7880 6010 9888
351 5567 5228 296 9285 7647 7576 3665 5889 1615 9871 2606 4508 6010 7880 9888
352 5228 5567 296 9285 7647 7576 3665 5889 1615 9871 2606 4508 6010 7880 9888
353 5228 5567 296 9285 7647 7576 3665 5889 1615 9871 2606 4508 7880 6010 9888
354 5567 5228 296 9285 7647 7576 3665 5889 1615 9871 2606 4508 7880 6010 9888
355 5567 5228 296 9285 7647 7576 3665 5889 1615 9871 2606 4508 7880 6010 9888
356 5567 5228 296 9285 7647 7576 3665 5889 1615 9871 2606 4508 7880 6010 9888
357 5567 5228 296 9285 7647 7576 3665 5889 1615 9871 2606 4508 7880 6010 9888
358 5567 5228 296 7647 9285 7576 3665 5889 1615 9871 2606 4508 7880 6010 9888
359 5228 5567 296 9285 7647 7576 3665 5889 1615 9871 2606 4508 6010 7880 9888
360 5228 5567 296 9285 7647 7576 3665 5889 1615 9871 2606 4508 6010 7880 9888
361 5228 5567 296 7647 9285 7576 3665 5889 1615 9871 2606 4508 7880 6010 9888
362 5228 5567 296 9285 7647 7576 3665 5889 1615 9871 2606 4508 7880 6010 9888
363 5567 5228 296 9285 7647 7576 3665 5889 1615 9871 2606 4508 7880 6010 9888
364 5567 5228 296 9285 7647 7576 3665 5889 1615 9871 2606 4508 7880 6010 9888
365 5228 5567 296 9285 7647 7576 3665 5889 1615 9871 2606 4508 6010 7880 9888
366 5567 5228 296 9285 7647 7576 3665 5889 1615 9871 2606 4508 6010 7880 9888
367 5228 5567 296 7647 9285 7576 3665 5889 1615 9871 2606 4508 7880 6010 9888
368 5567 5228 296 9285 7647 7576 3665 5889 1615 9871 2606 4508 6010 7880 9888
369 5567 5228 296 9285 7647 7576 3665 5889 1615 9871 2606 4508 7880 6010 9888
370 5567 5228 296 9285 7647 7576 3665 5889 1615 9871 2606 4508 7880 6010 9888
371 5567 5228 296 9285 7647 7576 3665 5889 1615 9871 2606 4508 7880 6010 9888
372 5567 5228 296 9285 7647 7576 3665 5889 1615 9871 2606 4508 6010 7880 9888
373 5567 5228 296 9285 7647 7576 3665 5889 1615 9871 2606 4508 7880 6010 9888
374 5228 5567 296 7647 9285 7576 3665 5889 1615 9871 2606 4508 7880 6010 9888
375 5228 5567 296 9285 7647 7576 3665 5889 1615 9871 2606 4508 6010 7880 9888
376 5567 5228 296 9285 7647 7576 3665 5889 1615 9871 2606 4508 7880 6010 9888
377 5228 5567 296 9285 7647 7576 3665 5889 1615 9871 2606 4508 6010 7880 9888
378 5228 5567 296 7647 9285 7576 3665 5889 1615 9871 2606 4508 7880 6010 9888
379 5567 5228 296 9285 7647 7576 3665 5889 1615 9871 2606 4508 7880 6010 9888
380 5567 5228 296 7647 9285 7576 3665 5889 1615 9871 2606 4508 7880 6010 9888
381 5567 5228 296 9285 7647 7576 3665 5889 1615 9871 2606 4508 6010 7880 9888
382 5567 5228 296 7647 9285 7576 3665 5889 1615 9871 2606 4508 6010 7880 9888
383 5228 5567 296 9285 7647 7576 3665 5889 1615 9871 2606 4508 6010 7880 9888
384 5567 5228 296 9285 7647 7576 3665 5889 1615 9871 2606 4508 7880 6010 9888
385 5567 5228 296 9285 7647 7576 3665 5889 1615 9871 2606 4508 6010 7880 9888
386 5228 5567 296 7647 9285 7576 3665 5889 1615 9871 2606 4508 7880 6010 9888
387 5567 5228 296 7647 9285 7576 3665 5889 1615 9871 2606 4508 6010 7880 9888
388 5567 5228 296 7647 9285 7576 3665 5889 1615 9871 2606 4508 6010 7880 9888
389 5567 5228 296 9285 7647 7576 3665 5889 1615 9871 2606 4508 7880 6010 9888
390 5567 5228 296 9285 7647 7576 3665 5889 1615 9871 2606 4508 6010 7880 9888
391 5228 5567 296 9285 7647 7576 3665 5889 1615 9871 2606 4508 6010 7880 9888
392 5567 5228 296 7647 9285 7576 3665 5889 1615 9871 2606 4508 6010 7880 9888
393 5228 5567 296 9285 7647 7576 3665 5889 1615 9871 2606 4508 6010 7880 9888
394 5228 5567 296 9285 7647 7576 3665 5889 1615 9871 2606 4508 7880 6010 9888
395 5228 5567 296 9285 7647 7576 3665 5889 1615 9871 2606 4508 6010 7880 9888
396 5567 5228 296 9285 7647 7576 3665 5889 1615 9871 2606 4508 6010 7880 9888
397 5567 5228 296 9285 7647 7576 3665 5889 1615 9871 2606 4508 7880 6010 9888
398 5228 5567 296 9285 7647 7576 3665 5889 1615 9871 2606 4508 7880 6010 9888
399 5567 5228 296 9285 7647 7576 3665 5889 1615 9871 2606 4508 7880 6010 9888
400 5228 5567 296 7647 9285 7576 3665 5889 1615 9871 2606 4508 7880 6010 9888
401 5228 5567 296 9285 7647 7576 3665 5889 1615 9871 2606 4508 7880 6010 9888
402 5228 5567 296 9285 7647 7576 3665 5889 1615 9871 2606 4508 6010 7880 9888
403 5228 5567 296 9285 7647 7576 3665 5889 1615 9871 2606 4508 6010 7880 9888
404 5567 5228 296 9285 7647 7576 3665 5889 1615 9871 2606 4508 6010 7880 9888
405 5567 5228 296 7647 9285 7576 3665 5889 1615 9871 2606 4508 7880 6010 9888
406 5228 5567 296 9285 7647 7576 3665 5889 1615 9871 2606 4508 7880 6010 9888
407 5567 5228 296 9285 7647 7576 3665 5889 1615 9871 2606 4508 7880 6010 9888
408 5567 5228 296 9285 7647 7576 3665 5889 1615 9871 2606 4508 7880 6010 9888
409 5567 5228 296 9285 7647 7576 3665 5889 1615 9871 2606 4508 6010 7880 9888
410 5228 5567 296 9285 7647 7576 3665 5889 1615 9871 2606 4508 6010 7880 9888
411 5567 5228 296 9285 7647 7576 3665 5889 1615 9871 2606 4508 6010 7880 9888
412 5567 5228 296 9285 7647 7576 3665 5889 1615 9871 2606 4508 7880 6010 9888
413 5228 5567 296 7647 9285 7576 3665 5889 1615 9871 2606 4508 7880 6010 9888
414 5228 5567 296 9285 7647 7576 3665 5889 1615 9871 2606 4508 6010 7880 9888
415 5567 5228 296 9285 7647 7576 3665 5889 1615 9871 2606 4508 7880 6010 9888
416 5567 5228 296 9285 7647 7576 3665 5889 1615 9871 2606 4508 7880 6010 9888
417 5567 5228 296 9285 7647 7576 3665 5889 1615 9871 2606 4508 7880 6010 9888
418 5228 5567 296 9285 7647 7576 3665 5889 1615 9871 2606 4508 7880 6010 9888
419 5228 5567 296 9285 7647 7576 3665 5889 1615 9871 2606 4508 7880 6010 9888
420 5228 5567 296 9285 7647 7576 3665 5889 1615 9871 2606 4508 6010 7880 9888
421 5567 5228 296 9285 7647 7576 3665 5889 1615 9871 2606 4508 6010 7880 9888
422 5228 5567 296 9285 7647 7576 3665 5889 1615 9871 2606 4508 7880 6010 9888
423 5228 5567 296 9285 7647 7576 3665 5889 1615 9871 2606 4508 7880 6010 9888
424 5567 5228 296 9285 7647 7576 3665 5889 1615 9871 2606 4508 7880 6010 9888
425 5228 5567 296 9285 7647 7576 3665 5889 1615 9871 2606 4508 6010 7880 9888
426 5567 5228 296 7647 9285 7576 3665 5889 1615 9871 2606 4508 7880 6010 9888
427 5228 5567 296 9285 7647 7576 3665 5889 1615 9871 2606 4508 7880 6010 9888
428 5228 5567 296 9285 7647 7576 3665 5889 1615 9871 2606 4508 7880 6010 9888
429 5228 5567 296 9285 7647 7576 3665 5889 1615 9871 2606 4508 7880 6010 9888
430 5228 5567 296 9285 7647 7576 3665 5889 1615 9871 2606 4508 7880 6010 9888
431 5567 5228 296 9285 7647 7576 3665 5889 1615 9871 2606 4508 7880 6010 9888
432 5228 5567 296 9285 7647 7576 3665 5889 1615 9871 2606 4508 6010 7880 9888
433 5228 5567 296 9285 7647 7576 3665 5889 1615 9871 2606 4508 6010 7880 9888
434 5567 5228 296 7647 9285 7576 3665 5889 1615 9871 2606 4508 7880 6010 9888
435 5567 5228 296 9285 7647 7576 3665 5889 1615 9871 2606 4508 7880 6010 9888
436 5567 5228 296 9285 7647 7576 3665 5889 1615 9871 2606 4508 7880 6010 9888
437 5228 5567 296 9285 7647 7576 3665 5889 1615 9871 2606 4508 6010 7880 9888
438 5567 5228 296 7647 9285 7576 3665 5889 1615 9871 2606 4508 6010 7880 9888
439 5228 5567 296 9285 7647 7576 3665 5889 1615 9871 2606 4508 6010 7880 9888
440 5228 5567 296 9285 7647 7576 3665 5889 1615 9871 2606 4508 7880 6010 9888
441 5228 5567 296 9285 7647 7576 3665 5889 1615 9871 2606 4508 7880 6010 9888
442 5228 5567 296 9285 7647 7576 3665 5889 1615 9871 2606 4508 9888 7880 6010
443 5567 5228 296 9285 7647 7576 3665 5889 1615 9871 2606 4508 6010 7880 9888
444 5567 5228 296 9285 7647 7576 3665 5889 1615 9871 2606 4508 7880 6010 9888
445 5567 5228 296 7647 9285 7576 3665 5889 1615 9871 2606 4508 7880 6010 9888
446 5228 5567 296 9285 7647 7576 3665 5889 1615 9871 2606 4508 7880 6010 9888
447 5567 5228 296 9285 7647 7576 3665 5889 1615 9871 2606 4508 7880 6010 9888
448 5567 5228 296 9285 7647 7576 3665 5889 1615 9871 2606 4508 6010 7880 9888
449 5228 5567 296 9285 7647 7576 3665 5889 1615 9871 2606 4508 6010 7880 9888
450 5228 5567 296 9285 7647 7576 3665 5889 1615 9871 2606 4508 7880 6010 9888
451 5228 5567 296 9285 7647 7576 3665 5889 1615 9871 2606 4508 7880 6010 9888
452 5228 5567 296 9285 7647 7576 3665 5889 1615 9871 2606 4508 6010 7880 9888
453 5228 5567 296 9285 7647 7576 3665 5889 1615 9871 2606 4508 6010 7880 9888
454 5228 5567 296 9285 7647 7576 3665 5889 1615 9871 2606 4508 6010 7880 9888
455 5567 5228 296 7647 9285 7576 3665 5889 1615 9871 2606 4508 7880 6010 9888
456 5228 5567 296 9285 7647 7576 3665 5889 1615 9871 2606 4508 7880 6010 9888
457 5567 5228 296 9285 7647 7576 3665 5889 1615 9871 2606 4508 7880 6010 9888
458 5567 5228 296 9285 7647 7576 3665 5889 1615 9871 2606 4508 6010 7880 9888
459 5228 5567 296 7647 9285 7576 3665 5889 1615 9871 2606 4508 6010 7880 9888
460 5228 5567 296 9285 7647 7576 3665 5889 1615 9871 2606 4508 7880 6010 9888
461 5228 5567 296 9285 7647 7576 3665 5889 1615 9871 2606 4508 6010 7880 9888
462 5228 5567 296 9285 7647 7576 3665 5889 1615 9871 2606 4508 7880 6010 9888
463 5228 5567 296 7647 9285 7576 3665 5889 1615 9871 2606 4508 7880 6010 9888
464 5228 5567 296 9285 7647 7576 3665 5889 1615 9871 2606 4508 7880 6010 9888
465 5228 5567 296 9285 7647 7576 3665 5889 1615 9871 2606 4508 7880 6010 9888
466 5228 5567 296 9285 7647 7576 3665 5889 1615 9871 2606 4508 6010 7880 9888
467 5228 5567 296 7647 9285 7576 3665 5889 1615 9871 2606 4508 6010 7880 9888
468 5567 5228 296 9285 7647 7576 3665 5889 1615 9871 2606 4508 6010 7880 9888
469 5228 5567 296 9285 7647 7576 3665 5889 1615 9871 2606 4508 7880 6010 9888
470 5567 5228 296 9285 7647 7576 3665 5889 1615 9871 2606 4508 7880 6010 9888
471 5567 5228 296 9285 7647 7576 3665 5889 1615 9871 2606 4508 6010 7880 9888
472 5228 5567 296 9285 7647 7576 3665 5889 1615 9871 2606 4508 6010 7880 9888
473 5567 5228 296 9285 7647 7576 3665 5889 1615 9871 2606 4508 7880 6010 9888
474 5567 5228 296 9285 7647 7576 3665 5889 1615 9871 2606 4508 7880 6010 9888
475 5567 5228 296 9285 7647 7576 3665 5889 1615 9871 2606 4508 7880 6010 9888
476 5228 5567 296 7647 9285 7576 3665 5889 1615 9871 2606 4508 6010 7880 9888
477 5567 5228 296 7647 9285 7576 3665 5889 1615 9871 2606 4508 7880 6010 9888
478 5228 5567 296 9285 7647 7576 3665 5889 1615 9871 2606 4508 6010 7880 9888
479 5567 5228 296 7647 9285 7576 3665 5889 1615 9871 2606 4508 6010 7880 9888
480 5567 5228 296 9285 7647 7576 3665 5889 1615 9871 2606 4508 7880 6010 9888
481 5228 5567 296 9285 7647 7576 3665 5889 1615 9871 2606 4508 6010 7880 9888
482 5567 5228 296 9285 7647 7576 3665 5889 1615 9871 2606 4508 6010 7880 9888
483 5567 5228 296 7647 9285 7576 3665 5889 1615 9871 2606 4508 6010 7880 9888
484 5567 5228 296 9285 7647 7576 3665 5889 1615 9871 2606 4508 7880 6010 9888
485 5567 5228 296 9285 7647 7576 3665 5889 1615 9871 2606 4508 7880 6010 9888
486 5228 5567 296 9285 7647 7576 3665 5889 1615 9871 2606 4508 6010 7880 9888
487 5567 5228 296 9285 7647 7576 3665 5889 1615 9871 2606 4508 6010 7880 9888
488 5228 5567 296 9285 7647 7576 3665 5889 1615 9871 2606 4508 6010 7880 9888
489 5567 5228 296 9285 7647 7576 3665 5889 1615 9871 2606 4508 7880 6010 9888
490 5567 5228 296 9285 7647 7576 3665 5889 1615 9871 2606 4508 6010 7880 9888
491 5567 5228 296 9285 7647 7576 3665 5889 1615 9871 2606 4508 6010 7880 9888
492 5228 5567 296 9285 7647 7576 3665 5889 1615 9871 2606 4508 6010 7880 9888
493 5567 5228 296 9285 7647 7576 3665 5889 1615 9871 2606 4508 7880 6010 9888
494 5567 5228 296 9285 7647 7576 3665 5889 1615 9871 2606 4508 7880 6010 9888
495 5567 5228 296 9285 7647 7576 3665 5889 1615 9871 2606 4508 7880 6010 9888
496 5228 5567 296 9285 7647 7576 3665 5889 1615 9871 2606 4508 6010 7880 9888
497 5567 5228 296 9285 7647 7576 3665 5889 1615 9871 2606 4508 6010 7880 9888
498 5228 5567 296 9285 7647 7576 3665 5889 1615 9871 2606 4508 6010 7880 9888
499 5567 5228 296 9285 7647 7576 3665 5889 1615 9871 2606 4508 7880 6010 9888